c:\users\안지호\desktop\clockdialog (2)\clockdialog\clockdialog\debug\clockdialog.pch
c:\users\안지호\desktop\clockdialog (2)\clockdialog\clockdialog\debug\vc120.pdb
c:\users\안지호\desktop\clockdialog (2)\clockdialog\clockdialog\debug\vc120.idb
c:\users\안지호\desktop\clockdialog (2)\clockdialog\clockdialog\debug\stdafx.obj
c:\users\안지호\desktop\clockdialog (2)\clockdialog\clockdialog\debug\clockdialog.obj
c:\users\안지호\desktop\clockdialog (2)\clockdialog\clockdialog\debug\clockdialogdlg.obj
c:\users\안지호\desktop\clockdialog (2)\clockdialog\clockdialog\debug\dlgaddalarm.obj
c:\users\안지호\desktop\clockdialog (2)\clockdialog\debug\clockdialog.ilk
c:\users\안지호\desktop\clockdialog (2)\clockdialog\debug\clockdialog.exe
c:\users\안지호\desktop\clockdialog (2)\clockdialog\debug\clockdialog.pdb
c:\users\안지호\desktop\clockdialog (2)\clockdialog\clockdialog\debug\clockdialog.res
c:\users\안지호\desktop\clockdialog (2)\clockdialog\clockdialog\debug\clockdialog.tlog\cl.command.1.tlog
c:\users\안지호\desktop\clockdialog (2)\clockdialog\clockdialog\debug\clockdialog.tlog\cl.read.1.tlog
c:\users\안지호\desktop\clockdialog (2)\clockdialog\clockdialog\debug\clockdialog.tlog\cl.write.1.tlog
c:\users\안지호\desktop\clockdialog (2)\clockdialog\clockdialog\debug\clockdialog.tlog\link.command.1.tlog
c:\users\안지호\desktop\clockdialog (2)\clockdialog\clockdialog\debug\clockdialog.tlog\link.read.1.tlog
c:\users\안지호\desktop\clockdialog (2)\clockdialog\clockdialog\debug\clockdialog.tlog\link.write.1.tlog
c:\users\안지호\desktop\clockdialog (2)\clockdialog\clockdialog\debug\clockdialog.tlog\rc.command.1.tlog
c:\users\안지호\desktop\clockdialog (2)\clockdialog\clockdialog\debug\clockdialog.tlog\rc.read.1.tlog
c:\users\안지호\desktop\clockdialog (2)\clockdialog\clockdialog\debug\clockdialog.tlog\rc.write.1.tlog
